\BOOKMARK [0][-]{Contents.0}{\376\377\000C\000o\000n\000t\000e\000n\000t\000s}{}% 1
\BOOKMARK [1][-]{section.1}{\376\377\000I\000n\000t\000r\000o\000d\000u\000c\000t\000i\000o\000n}{Contents.0}% 2
\BOOKMARK [1][-]{section.2}{\376\377\000B\000a\000c\000k\000g\000r\000o\000u\000n\000d\000\040\000I\000n\000f\000o\000r\000m\000a\000t\000i\000o\000n}{Contents.0}% 3
\BOOKMARK [2][-]{subsection.2.1}{\376\377\000H\000i\000s\000t\000o\000g\000r\000a\000m\000s\000\040\000o\000f\000\040\000O\000r\000i\000e\000n\000t\000e\000d\000\040\000G\000r\000a\000d\000i\000e\000n\000t\000s}{section.2}% 4
\BOOKMARK [3][-]{subsubsection.2.1.1}{\376\377\000O\000n\000e\000\040\000F\000u\000n\000d\000a\000m\000e\000n\000t\000a\000l\000\040\000P\000r\000o\000p\000e\000r\000t\000y\000\040\000o\000f\000\040\000I\000m\000a\000g\000e\000s}{subsection.2.1}% 5
\BOOKMARK [3][-]{subsubsection.2.1.2}{\376\377\000G\000r\000a\000d\000i\000e\000n\000t\000\040\000C\000o\000m\000p\000u\000t\000a\000t\000i\000o\000n}{subsection.2.1}% 6
\BOOKMARK [3][-]{subsubsection.2.1.3}{\376\377\000O\000r\000i\000e\000n\000t\000a\000t\000i\000o\000n\000\040\000B\000i\000n\000n\000i\000n\000g}{subsection.2.1}% 7
\BOOKMARK [3][-]{subsubsection.2.1.4}{\376\377\000B\000l\000o\000c\000k\000\040\000N\000o\000r\000m\000a\000l\000i\000s\000a\000t\000i\000o\000n}{subsection.2.1}% 8
\BOOKMARK [3][-]{subsubsection.2.1.5}{\376\377\000F\000e\000a\000t\000u\000r\000e\000\040\000V\000e\000c\000t\000o\000r\000\040\000D\000i\000m\000e\000n\000s\000i\000o\000n\000a\000l\000i\000t\000y}{subsection.2.1}% 9
\BOOKMARK [2][-]{subsection.2.2}{\376\377\000S\000u\000p\000e\000r\000v\000i\000s\000e\000d\000\040\000M\000a\000c\000h\000i\000n\000e\000\040\000L\000e\000a\000r\000n\000i\000n\000g}{section.2}% 10
\BOOKMARK [2][-]{subsection.2.3}{\376\377\000S\000u\000p\000p\000o\000r\000t\000\040\000V\000e\000c\000t\000o\000r\000\040\000M\000a\000c\000h\000i\000n\000e\000s}{section.2}% 11
\BOOKMARK [3][-]{subsubsection.2.3.1}{\376\377\000S\000o\000f\000t\000\040\000S\000V\000M\000\040\000C\000o\000n\000s\000t\000r\000a\000i\000n\000t\000s}{subsection.2.3}% 12
\BOOKMARK [1][-]{section.3}{\376\377\000M\000e\000t\000h\000o\000d\000o\000l\000o\000g\000y}{Contents.0}% 13
\BOOKMARK [2][-]{subsection.3.1}{\376\377\000D\000e\000p\000e\000n\000d\000a\000n\000t\000\040\000V\000a\000r\000i\000a\000b\000l\000e\000s}{section.3}% 14
\BOOKMARK [2][-]{subsection.3.2}{\376\377\000D\000a\000t\000a\000\040\000S\000e\000t\000s}{section.3}% 15
\BOOKMARK [3][-]{subsubsection.3.2.1}{\376\377\000L\000a\000b\000e\000l\000e\000d\000\040\000P\000e\000d\000e\000s\000t\000r\000i\000a\000n\000\040\000D\000a\000t\000a\000\040\000S\000e\000t\000\040\000S\000o\000u\000r\000c\000e\000s}{subsection.3.2}% 16
\BOOKMARK [3][-]{subsubsection.3.2.2}{\376\377\000C\000a\000l\000t\000e\000c\000h\000\040\000D\000a\000t\000a\000\040\000S\000e\000t\000\040\000T\000r\000a\000n\000s\000f\000o\000r\000m\000a\000t\000i\000o\000n}{subsection.3.2}% 17
\BOOKMARK [3][-]{subsubsection.3.2.3}{\376\377\000W\000i\000n\000d\000o\000w\000\040\000S\000i\000z\000e\000\040\000S\000a\000m\000p\000l\000e\000s}{subsection.3.2}% 18
\BOOKMARK [2][-]{subsection.3.3}{\376\377\000E\000v\000a\000l\000u\000a\000t\000i\000o\000n\000\040\000M\000e\000t\000r\000i\000c\000s}{section.3}% 19
\BOOKMARK [3][-]{subsubsection.3.3.1}{\376\377\000T\000h\000e\000\040\000B\000a\000s\000i\000c\000\040\000C\000o\000n\000f\000u\000s\000i\000o\000n\000\040\000M\000a\000t\000r\000i\000x\000\040\000R\000a\000t\000e\000s}{subsection.3.3}% 20
\BOOKMARK [3][-]{subsubsection.3.3.2}{\376\377\000C\000o\000n\000f\000i\000d\000e\000n\000c\000e\000\040\000T\000h\000r\000e\000s\000h\000o\000l\000d\000\040\000C\000u\000r\000v\000e\000s}{subsection.3.3}% 21
\BOOKMARK [3][-]{subsubsection.3.3.3}{\376\377\000M\000a\000t\000t\000h\000e\000w\000'\000s\000\040\000C\000o\000r\000r\000e\000l\000a\000t\000i\000o\000n\000\040\000C\000o\000e\000f\000f\000i\000c\000i\000e\000n\000t}{subsection.3.3}% 22
\BOOKMARK [3][-]{subsubsection.3.3.4}{\376\377\000M\000c\000N\000e\000m\000a\000r\000'\000s\000\040\000T\000e\000s\000t\000\040\000f\000o\000r\000\040\000P\000a\000i\000r\000w\000i\000s\000e\000\040\000C\000l\000a\000s\000s\000i\000f\000i\000e\000r\000\040\000C\000o\000m\000p\000a\000r\000i\000s\000o\000n}{subsection.3.3}% 23
\BOOKMARK [2][-]{subsection.3.4}{\376\377\000M\000o\000d\000e\000l\000\040\000P\000r\000e\000p\000a\000r\000a\000t\000i\000o\000n}{section.3}% 24
\BOOKMARK [3][-]{subsubsection.3.4.1}{\376\377\000P\000r\000e\000p\000r\000o\000c\000e\000s\000s\000i\000n\000g\000:\000\040\000G\000r\000a\000y\000s\000c\000a\000l\000e\000\040\000I\000m\000a\000g\000e\000\040\000T\000r\000a\000n\000s\000f\000o\000r\000m\000a\000t\000i\000o\000n}{subsection.3.4}% 25
\BOOKMARK [3][-]{subsubsection.3.4.2}{\376\377\000C\000o\000m\000p\000u\000t\000i\000n\000g\000\040\000H\000O\000G\000\040\000F\000e\000a\000t\000u\000r\000e\000s}{subsection.3.4}% 26
\BOOKMARK [3][-]{subsubsection.3.4.3}{\376\377\000C\000h\000o\000o\000s\000i\000n\000g\000\040\000a\000n\000\040\000S\000V\000M}{subsection.3.4}% 27
\BOOKMARK [1][-]{figure.caption.23}{\376\377\000R\000e\000f\000e\000r\000e\000n\000c\000e\000s}{Contents.0}% 28
\BOOKMARK [1][-]{appendix.A}{\376\377\000A\000p\000p\000e\000n\000d\000i\000c\000e\000s}{Contents.0}% 29
\BOOKMARK [2][-]{subsection.A.1}{\376\377\000P\000y\000t\000h\000o\000n\000\040\000C\000o\000d\000e\000\040\000I\000m\000p\000l\000e\000m\000e\000n\000t\000a\000t\000i\000o\000n\000s}{appendix.A}% 30
\BOOKMARK [3][-]{subsubsection.A.1.1}{\376\377\000G\000r\000a\000y\000s\000c\000a\000l\000e\000\040\000T\000r\000a\000n\000s\000f\000o\000r\000m\000a\000t\000i\000o\000n}{subsection.A.1}% 31
\BOOKMARK [3][-]{subsubsection.A.1.2}{\376\377\000C\000e\000n\000t\000r\000a\000l\000\040\000D\000i\000f\000f\000e\000r\000e\000n\000c\000e\000s\000\040\000D\000e\000r\000i\000v\000a\000t\000i\000v\000e\000\040\000M\000a\000s\000k}{subsection.A.1}% 32
\BOOKMARK [3][-]{subsubsection.A.1.3}{\376\377\000H\000o\000l\000i\000s\000t\000i\000c\000\040\000D\000e\000r\000i\000v\000a\000t\000i\000v\000e\000\040\000M\000a\000s\000k}{subsection.A.1}% 33
\BOOKMARK [3][-]{subsubsection.A.1.4}{\376\377\000M\000o\000d\000i\000f\000i\000e\000d\000\040\000H\000O\000G\000\040\000C\000o\000m\000p\000u\000t\000a\000t\000i\000o\000n}{subsection.A.1}% 34
\BOOKMARK [3][-]{subsubsection.A.1.5}{\376\377\000C\000a\000l\000t\000e\000c\000h\000\040\000D\000a\000t\000a\000\040\000S\000e\000t\000\040\000T\000r\000a\000n\000s\000f\000o\000r\000m\000a\000t\000i\000o\000n}{subsection.A.1}% 35
\BOOKMARK [3][-]{subsubsection.A.1.6}{\376\377\000R\000e\000t\000a\000i\000n\000\040\0003\0000\000t\000h\000\040\000C\000a\000l\000t\000e\000c\000h\000\040\000D\000a\000t\000a\000\040\000S\000e\000t\000\040\000F\000r\000a\000m\000e}{subsection.A.1}% 36
\BOOKMARK [3][-]{subsubsection.A.1.7}{\376\377\000P\000e\000d\000e\000s\000t\000r\000i\000a\000n\000\040\000D\000a\000t\000a\000\040\000S\000e\000t\000\040\000C\000o\000n\000s\000t\000r\000u\000c\000t\000i\000o\000n}{subsection.A.1}% 37
\BOOKMARK [3][-]{subsubsection.A.1.8}{\376\377\000T\000r\000a\000i\000n\000i\000n\000g\000\040\000a\000\040\000S\000o\000f\000t\000\040\000C\000o\000n\000s\000t\000r\000a\000i\000n\000t\000\040\000S\000V\000M}{subsection.A.1}% 38
\BOOKMARK [3][-]{subsubsection.A.1.9}{\376\377\000P\000l\000o\000t\000t\000i\000n\000g\000\040\000M\000C\000C\000-\000F\0001\000\040\000C\000u\000r\000v\000e\000s}{subsection.A.1}% 39
\BOOKMARK [3][-]{subsubsection.A.1.10}{\376\377\000E\000v\000a\000l\000u\000a\000t\000e\000\040\000P\000e\000d\000e\000s\000t\000r\000i\000a\000n\000\040\000C\000l\000a\000s\000s\000i\000f\000i\000e\000r}{subsection.A.1}% 40
\BOOKMARK [3][-]{subsubsection.A.1.11}{\376\377\000C\000o\000n\000s\000t\000r\000u\000c\000t\000\040\000M\000c\000N\000e\000m\000a\000r\000'\000s\000\040\000C\000o\000n\000f\000u\000s\000i\000o\000n\000\040\000M\000a\000t\000r\000i\000x}{subsection.A.1}% 41
\BOOKMARK [2][-]{subsection.A.2}{\376\377\000T\000a\000b\000l\000e\000s\000\040\000o\000f\000\040\000D\000a\000t\000a}{appendix.A}% 42
\BOOKMARK [3][-]{subsubsection.A.2.1}{\376\377\000I\000N\000R\000I\000A\000\040\000E\000v\000a\000l\000u\000a\000t\000i\000o\000n}{subsection.A.2}% 43
\BOOKMARK [3][-]{subsubsection.A.2.2}{\376\377\000C\000a\000l\000t\000e\000c\000h\000\040\000E\000v\000a\000l\000u\000a\000t\000i\000o\000n}{subsection.A.2}% 44
\BOOKMARK [3][-]{subsubsection.A.2.3}{\376\377\000P\000n\000P\000L\000O\000\040\000E\000v\000a\000l\000u\000a\000t\000i\000o\000n}{subsection.A.2}% 45
